Form data requires "python-multipart" to be installed. 
You can install "python-multipart" with: 

pip install python-multipart

Traceback (most recent call last):
  File "<frozen runpy>", line 198, in _run_module_as_main
  File "<frozen runpy>", line 88, in _run_code
  File "H:\05_python\fastapi_prac\venv\Lib\site-packages\uvicorn\__main__.py", line 4, in <module>
    uvicorn.main()
  File "H:\05_python\fastapi_prac\venv\Lib\site-packages\click\core.py", line 1157, in __call__
    return self.main(*args, **kwargs)
           ^^^^^^^^^^^^^^^^^^^^^^^^^^
  File "H:\05_python\fastapi_prac\venv\Lib\site-packages\click\core.py", line 1078, in main
    rv = self.invoke(ctx)
         ^^^^^^^^^^^^^^^^
  File "H:\05_python\fastapi_prac\venv\Lib\site-packages\click\core.py", line 1434, in invoke
    return ctx.invoke(self.callback, **ctx.params)
           ^^^^^^^^^^^^^^^^^^^^^^^^^^^^^^^^^^^^^^^
  File "H:\05_python\fastapi_prac\venv\Lib\site-packages\click\core.py", line 783, in invoke
    return __callback(*args, **kwargs)
           ^^^^^^^^^^^^^^^^^^^^^^^^^^^
  File "H:\05_python\fastapi_prac\venv\Lib\site-packages\uvicorn\main.py", line 410, in main
    run(
  File "H:\05_python\fastapi_prac\venv\Lib\site-packages\uvicorn\main.py", line 577, in run
    server.run()
  File "H:\05_python\fastapi_prac\venv\Lib\site-packages\uvicorn\server.py", line 65, in run
    return asyncio.run(self.serve(sockets=sockets))
           ^^^^^^^^^^^^^^^^^^^^^^^^^^^^^^^^^^^^^^^^
  File "C:\Python\Python312\Lib\asyncio\runners.py", line 194, in run
    return runner.run(main)
           ^^^^^^^^^^^^^^^^
  File "C:\Python\Python312\Lib\asyncio\runners.py", line 118, in run
    return self._loop.run_until_complete(task)
           ^^^^^^^^^^^^^^^^^^^^^^^^^^^^^^^^^^^
  File "C:\Python\Python312\Lib\asyncio\base_events.py", line 687, in run_until_complete
    return future.result()
           ^^^^^^^^^^^^^^^
  File "H:\05_python\fastapi_prac\venv\Lib\site-packages\uvicorn\server.py", line 69, in serve
    await self._serve(sockets)
  File "H:\05_python\fastapi_prac\venv\Lib\site-packages\uvicorn\server.py", line 76, in _serve
    config.load()
  File "H:\05_python\fastapi_prac\venv\Lib\site-packages\uvicorn\config.py", line 434, in load
    self.loaded_app = import_from_string(self.app)
                      ^^^^^^^^^^^^^^^^^^^^^^^^^^^^
  File "H:\05_python\fastapi_prac\venv\Lib\site-packages\uvicorn\importer.py", line 19, in import_from_string
    module = importlib.import_module(module_str)
             ^^^^^^^^^^^^^^^^^^^^^^^^^^^^^^^^^^^
  File "C:\Python\Python312\Lib\importlib\__init__.py", line 90, in import_module
    return _bootstrap._gcd_import(name[level:], package, level)
           ^^^^^^^^^^^^^^^^^^^^^^^^^^^^^^^^^^^^^^^^^^^^^^^^^^^^
  File "<frozen importlib._bootstrap>", line 1387, in _gcd_import
  File "<frozen importlib._bootstrap>", line 1360, in _find_and_load
  File "<frozen importlib._bootstrap>", line 1331, in _find_and_load_unlocked
  File "<frozen importlib._bootstrap>", line 935, in _load_unlocked
  File "<frozen importlib._bootstrap_external>", line 995, in exec_module
  File "<frozen importlib._bootstrap>", line 488, in _call_with_frames_removed
  File "H:\05_python\fastapi_prac\main.py", line 59, in <module>
    @app.post("/uploadfile/")
     ^^^^^^^^^^^^^^^^^^^^^^^^
  File "H:\05_python\fastapi_prac\venv\Lib\site-packages\fastapi\routing.py", line 992, in decorator
    self.add_api_route(
  File "H:\05_python\fastapi_prac\venv\Lib\site-packages\fastapi\routing.py", line 931, in add_api_route
    route = route_class(
            ^^^^^^^^^^^^
  File "H:\05_python\fastapi_prac\venv\Lib\site-packages\fastapi\routing.py", line 552, in __init__
    self.dependant = get_dependant(path=self.path_format, call=self.endpoint)
                     ^^^^^^^^^^^^^^^^^^^^^^^^^^^^^^^^^^^^^^^^^^^^^^^^^^^^^^^^
  File "H:\05_python\fastapi_prac\venv\Lib\site-packages\fastapi\dependencies\utils.py", line 277, in get_dependant
    param_details = analyze_param(
                    ^^^^^^^^^^^^^^
  File "H:\05_python\fastapi_prac\venv\Lib\site-packages\fastapi\dependencies\utils.py", line 472, in analyze_param
    ensure_multipart_is_installed()
  File "H:\05_python\fastapi_prac\venv\Lib\site-packages\fastapi\dependencies\utils.py", line 107, in ensure_multipart_is_installed
    raise RuntimeError(multipart_not_installed_error) from None
RuntimeError: Form data requires "python-multipart" to be installed. 
You can install "python-multipart" with: 

pip install python-multipart

